Info: Nothing to build for CPP_BD2
18:52:28 **** Incremental Build of configuration Debug for project CPP_BD2 ****
Info: Internal Builder is used for build
g++ -O0 -g3 -Wall -c -fmessage-length=0 -o "src\\CPP_BD2.o" "..\\src\\CPP_BD2.cpp" 
..\src\CPP_BD2.cpp: In function 'std::vector<std::basic_string<char> > split(std::string, std::string)':
..\src\CPP_BD2.cpp:53:23: warning: comparison between signed and unsigned integer expressions [-Wsign-compare]
g++ -o CPP_BD2.exe "src\\CPP_BD2.o" 
Info: Nothing to build for CPP_BD2
18:59:42 **** Incremental Build of configuration Debug for project CPP_BD2 ****
Info: Internal Builder is used for build
g++ -O0 -g3 -Wall -c -fmessage-length=0 -o "src\\CPP_BD2.o" "..\\src\\CPP_BD2.cpp" 
..\src\CPP_BD2.cpp: In function 'std::vector<std::basic_string<char> > split(std::string, std::string)':
..\src\CPP_BD2.cpp:53:23: warning: comparison between signed and unsigned integer expressions [-Wsign-compare]
g++ -o CPP_BD2.exe "src\\CPP_BD2.o" 
19:01:04 **** Incremental Build of configuration Debug for project CPP_BD2 ****
Info: Internal Builder is used for build
g++ -O0 -g3 -Wall -c -fmessage-length=0 -o "src\\CPP_BD2.o" "..\\src\\CPP_BD2.cpp" 
..\src\CPP_BD2.cpp: In function 'std::vector<std::basic_string<char> > split(std::string, std::string)':
..\src\CPP_BD2.cpp:53:23: warning: comparison between signed and unsigned integer expressions [-Wsign-compare]
g++ -o CPP_BD2.exe "src\\CPP_BD2.o" 
Info: Nothing to build for CPP_BD2
19:02:06 **** Incremental Build of configuration Debug for project CPP_BD2 ****
Info: Internal Builder is used for build
g++ -O0 -g3 -Wall -c -fmessage-length=0 -o "src\\CPP_BD2.o" "..\\src\\CPP_BD2.cpp" 
..\src\CPP_BD2.cpp: In function 'std::vector<std::basic_string<char> > split(std::string, std::string)':
..\src\CPP_BD2.cpp:53:23: warning: comparison between signed and unsigned integer expressions [-Wsign-compare]
g++ -o CPP_BD2.exe "src\\CPP_BD2.o" 
Info: Nothing to build for CPP_BD2
19:03:32 **** Incremental Build of configuration Debug for project CPP_BD2 ****
Info: Internal Builder is used for build
g++ -O0 -g3 -Wall -c -fmessage-length=0 -o "src\\CPP_BD2.o" "..\\src\\CPP_BD2.cpp" 
..\src\CPP_BD2.cpp: In function 'std::vector<std::basic_string<char> > split(std::string, std::string)':
..\src\CPP_BD2.cpp:53:23: warning: comparison between signed and unsigned integer expressions [-Wsign-compare]
g++ -o CPP_BD2.exe "src\\CPP_BD2.o" 
19:05:44 **** Incremental Build of configuration Debug for project CPP_BD2 ****
Info: Internal Builder is used for build
g++ -O0 -g3 -Wall -c -fmessage-length=0 -o "src\\CPP_BD2.o" "..\\src\\CPP_BD2.cpp" 
..\src\CPP_BD2.cpp: In function 'std::vector<std::basic_string<char> > split(std::string, std::string)':
..\src\CPP_BD2.cpp:53:23: warning: comparison between signed and unsigned integer expressions [-Wsign-compare]
g++ -o CPP_BD2.exe "src\\CPP_BD2.o" 
19:08:09 **** Incremental Build of configuration Debug for project CPP_BD2 ****
Info: Internal Builder is used for build
g++ -O0 -g3 -Wall -c -fmessage-length=0 -o "src\\CPP_BD2.o" "..\\src\\CPP_BD2.cpp" 
..\src\CPP_BD2.cpp: In function 'std::vector<std::basic_string<char> > split(std::string, std::string)':
..\src\CPP_BD2.cpp:53:23: warning: comparison between signed and unsigned integer expressions [-Wsign-compare]
g++ -o CPP_BD2.exe "src\\CPP_BD2.o" 
19:11:35 **** Incremental Build of configuration Debug for project CPP_BD2 ****
Info: Internal Builder is used for build
g++ -O0 -g3 -Wall -c -fmessage-length=0 -o "src\\CPP_BD2.o" "..\\src\\CPP_BD2.cpp" 
..\src\CPP_BD2.cpp: In function 'std::vector<std::basic_string<char> > split(std::string, std::string)':
..\src\CPP_BD2.cpp:53:23: warning: comparison between signed and unsigned integer expressions [-Wsign-compare]
g++ -o CPP_BD2.exe "src\\CPP_BD2.o" 
Info: Nothing to build for CPP_BD2
Info: Nothing to build for CPP_BD2
Info: Nothing to build for CPP_BD2
21:25:38 **** Incremental Build of configuration Debug for project CPP_BD2 ****
Info: Internal Builder is used for build
g++ -O0 -g3 -Wall -c -fmessage-length=0 -o "src\\CPP_BD2.o" "..\\src\\CPP_BD2.cpp" 
..\src\CPP_BD2.cpp: In function 'std::vector<std::basic_string<char> > split(std::string, std::string)':
..\src\CPP_BD2.cpp:53:23: warning: comparison between signed and unsigned integer expressions [-Wsign-compare]
g++ -o CPP_BD2.exe "src\\CPP_BD2.o" 
Info: Nothing to build for CPP_BD2
21:28:42 **** Incremental Build of configuration Debug for project CPP_BD2 ****
Info: Internal Builder is used for build
g++ -O0 -g3 -Wall -c -fmessage-length=0 -o "src\\CPP_BD2.o" "..\\src\\CPP_BD2.cpp" 
..\src\CPP_BD2.cpp: In function 'std::vector<std::basic_string<char> > split(std::string, std::string)':
..\src\CPP_BD2.cpp:53:23: warning: comparison between signed and unsigned integer expressions [-Wsign-compare]
g++ -o CPP_BD2.exe "src\\CPP_BD2.o" 
21:44:32 **** Incremental Build of configuration Debug for project CPP_BD2 ****
Info: Internal Builder is used for build
g++ -O0 -g3 -Wall -c -fmessage-length=0 -o "src\\CPP_BD2.o" "..\\src\\CPP_BD2.cpp" 
..\src\CPP_BD2.cpp: In function 'std::vector<std::basic_string<char> > split(std::string, std::string)':
..\src\CPP_BD2.cpp:57:23: warning: comparison between signed and unsigned integer expressions [-Wsign-compare]
g++ -o CPP_BD2.exe "src\\CPP_BD2.o" 
Info: Nothing to build for CPP_BD2
22:15:28 **** Incremental Build of configuration Debug for project CPP_BD2 ****
Info: Internal Builder is used for build
g++ -O0 -g3 -Wall -c -fmessage-length=0 -o "src\\CPP_BD2.o" "..\\src\\CPP_BD2.cpp" 
..\src\CPP_BD2.cpp: In function 'std::vector<std::basic_string<char> > split(std::string, std::string)':
..\src\CPP_BD2.cpp:52:23: warning: comparison between signed and unsigned integer expressions [-Wsign-compare]
g++ -o CPP_BD2.exe "src\\CPP_BD2.o" 
22:18:54 **** Incremental Build of configuration Debug for project CPP_BD2 ****
Info: Internal Builder is used for build
g++ -O0 -g3 -Wall -c -fmessage-length=0 -o "src\\CPP_BD2.o" "..\\src\\CPP_BD2.cpp" 
..\src\CPP_BD2.cpp: In function 'std::vector<std::basic_string<char> > split(std::string, std::string)':
..\src\CPP_BD2.cpp:52:23: warning: comparison between signed and unsigned integer expressions [-Wsign-compare]
g++ -o CPP_BD2.exe "src\\CPP_BD2.o" 
22:20:53 **** Incremental Build of configuration Debug for project CPP_BD2 ****
Info: Internal Builder is used for build
g++ -O0 -g3 -Wall -c -fmessage-length=0 -o "src\\CPP_BD2.o" "..\\src\\CPP_BD2.cpp" 
..\src\CPP_BD2.cpp: In function 'std::vector<std::basic_string<char> > split(std::string, std::string)':
..\src\CPP_BD2.cpp:52:23: warning: comparison between signed and unsigned integer expressions [-Wsign-compare]
g++ -o CPP_BD2.exe "src\\CPP_BD2.o" 
22:22:40 **** Incremental Build of configuration Debug for project CPP_BD2 ****
Info: Internal Builder is used for build
g++ -O0 -g3 -Wall -c -fmessage-length=0 -o "src\\CPP_BD2.o" "..\\src\\CPP_BD2.cpp" 
..\src\CPP_BD2.cpp: In function 'std::vector<std::basic_string<char> > split(std::string, std::string)':
..\src\CPP_BD2.cpp:52:23: warning: comparison between signed and unsigned integer expressions [-Wsign-compare]
g++ -o CPP_BD2.exe "src\\CPP_BD2.o" 
22:26:25 **** Incremental Build of configuration Debug for project CPP_BD2 ****
Info: Internal Builder is used for build
g++ -O0 -g3 -Wall -c -fmessage-length=0 -o "src\\CPP_BD2.o" "..\\src\\CPP_BD2.cpp" 
..\src\CPP_BD2.cpp: In function 'std::vector<std::basic_string<char> > split(std::string, std::string)':
..\src\CPP_BD2.cpp:52:23: warning: comparison between signed and unsigned integer expressions [-Wsign-compare]
g++ -o CPP_BD2.exe "src\\CPP_BD2.o" 
22:26:54 **** Incremental Build of configuration Debug for project CPP_BD2 ****
Info: Internal Builder is used for build
g++ -O0 -g3 -Wall -c -fmessage-length=0 -o "src\\CPP_BD2.o" "..\\src\\CPP_BD2.cpp" 
..\src\CPP_BD2.cpp: In function 'std::vector<std::basic_string<char> > split(std::string, std::string)':
..\src\CPP_BD2.cpp:52:23: warning: comparison between signed and unsigned integer expressions [-Wsign-compare]
g++ -o CPP_BD2.exe "src\\CPP_BD2.o" 
22:31:12 **** Incremental Build of configuration Debug for project CPP_BD2 ****
Info: Internal Builder is used for build
g++ -O0 -g3 -Wall -c -fmessage-length=0 -o "src\\CPP_BD2.o" "..\\src\\CPP_BD2.cpp" 
..\src\CPP_BD2.cpp: In function 'std::vector<std::basic_string<char> > split(std::string, std::string)':
..\src\CPP_BD2.cpp:52:23: warning: comparison between signed and unsigned integer expressions [-Wsign-compare]
g++ -o CPP_BD2.exe "src\\CPP_BD2.o" 
22:32:04 **** Incremental Build of configuration Debug for project CPP_BD2 ****
Info: Internal Builder is used for build
g++ -O0 -g3 -Wall -c -fmessage-length=0 -o "src\\CPP_BD2.o" "..\\src\\CPP_BD2.cpp" 
..\src\CPP_BD2.cpp: In function 'std::vector<std::basic_string<char> > split(std::string, std::string)':
..\src\CPP_BD2.cpp:52:23: warning: comparison between signed and unsigned integer expressions [-Wsign-compare]
..\src\CPP_BD2.cpp: In function 'void baja()':
..\src\CPP_BD2.cpp:101:14: error: no match for 'operator=' in 'archivo = ""'
..\src\CPP_BD2.cpp:101:14: note: candidate is:
In file included from ..\src\CPP_BD2.cpp:28:0:
c:\program files (x86)\codeblocks\mingw\bin\../lib/gcc/mingw32/4.7.1/include/c++/fstream:761:11: note: std::basic_fstream<char>& std::basic_fstream<char>::operator=(const std::basic_fstream<char>&)
c:\program files (x86)\codeblocks\mingw\bin\../lib/gcc/mingw32/4.7.1/include/c++/fstream:761:11: note:   no known conversion for argument 1 from 'const char [1]' to 'const std::basic_fstream<char>&'
22:32:15 **** Incremental Build of configuration Debug for project CPP_BD2 ****
Info: Internal Builder is used for build
g++ -O0 -g3 -Wall -c -fmessage-length=0 -o "src\\CPP_BD2.o" "..\\src\\CPP_BD2.cpp" 
..\src\CPP_BD2.cpp: In function 'std::vector<std::basic_string<char> > split(std::string, std::string)':
..\src\CPP_BD2.cpp:52:23: warning: comparison between signed and unsigned integer expressions [-Wsign-compare]
g++ -o CPP_BD2.exe "src\\CPP_BD2.o" 
22:50:16 **** Incremental Build of configuration Debug for project CPP_BD2 ****
Info: Internal Builder is used for build
g++ -O0 -g3 -Wall -c -fmessage-length=0 -o "src\\CPP_BD2.o" "..\\src\\CPP_BD2.cpp" 
..\src\CPP_BD2.cpp: In function 'std::vector<std::basic_string<char> > split(std::string, std::string)':
..\src\CPP_BD2.cpp:52:23: warning: comparison between signed and unsigned integer expressions [-Wsign-compare]
..\src\CPP_BD2.cpp: In function 'void baja()':
..\src\CPP_BD2.cpp:113:37: warning: comparison between signed and unsigned integer expressions [-Wsign-compare]
..\src\CPP_BD2.cpp:118:45: warning: comparison between signed and unsigned integer expressions [-Wsign-compare]
g++ -o CPP_BD2.exe "src\\CPP_BD2.o" 
22:53:51 **** Incremental Build of configuration Debug for project CPP_BD2 ****
Info: Internal Builder is used for build
g++ -O0 -g3 -Wall -c -fmessage-length=0 -o "src\\CPP_BD2.o" "..\\src\\CPP_BD2.cpp" 
..\src\CPP_BD2.cpp: In function 'std::vector<std::basic_string<char> > split(std::string, std::string)':
..\src\CPP_BD2.cpp:52:23: warning: comparison between signed and unsigned integer expressions [-Wsign-compare]
..\src\CPP_BD2.cpp: In function 'void baja()':
..\src\CPP_BD2.cpp:113:37: warning: comparison between signed and unsigned integer expressions [-Wsign-compare]
..\src\CPP_BD2.cpp:118:45: warning: comparison between signed and unsigned integer expressions [-Wsign-compare]
g++ -o CPP_BD2.exe "src\\CPP_BD2.o" 
23:14:42 **** Incremental Build of configuration Debug for project CPP_BD2 ****
Info: Internal Builder is used for build
g++ -O0 -g3 -Wall -c -fmessage-length=0 -o "src\\CPP_BD2.o" "..\\src\\CPP_BD2.cpp" 
..\src\CPP_BD2.cpp: In function 'std::vector<std::basic_string<char> > split(std::string, std::string)':
..\src\CPP_BD2.cpp:52:23: warning: comparison between signed and unsigned integer expressions [-Wsign-compare]
..\src\CPP_BD2.cpp: In function 'void baja()':
..\src\CPP_BD2.cpp:114:37: warning: comparison between signed and unsigned integer expressions [-Wsign-compare]
..\src\CPP_BD2.cpp:119:45: warning: comparison between signed and unsigned integer expressions [-Wsign-compare]
g++ -o CPP_BD2.exe "src\\CPP_BD2.o" 
23:17:21 **** Incremental Build of configuration Debug for project CPP_BD2 ****
Info: Internal Builder is used for build
g++ -O0 -g3 -Wall -c -fmessage-length=0 -o "src\\CPP_BD2.o" "..\\src\\CPP_BD2.cpp" 
..\src\CPP_BD2.cpp: In function 'std::vector<std::basic_string<char> > split(std::string, std::string)':
..\src\CPP_BD2.cpp:52:23: warning: comparison between signed and unsigned integer expressions [-Wsign-compare]
..\src\CPP_BD2.cpp: In function 'void baja()':
..\src\CPP_BD2.cpp:115:37: warning: comparison between signed and unsigned integer expressions [-Wsign-compare]
..\src\CPP_BD2.cpp:120:45: warning: comparison between signed and unsigned integer expressions [-Wsign-compare]
g++ -o CPP_BD2.exe "src\\CPP_BD2.o" 
23:20:59 **** Incremental Build of configuration Debug for project CPP_BD2 ****
Info: Internal Builder is used for build
g++ -O0 -g3 -Wall -c -fmessage-length=0 -o "src\\CPP_BD2.o" "..\\src\\CPP_BD2.cpp" 
..\src\CPP_BD2.cpp: In function 'std::vector<std::basic_string<char> > split(std::string, std::string)':
..\src\CPP_BD2.cpp:52:23: warning: comparison between signed and unsigned integer expressions [-Wsign-compare]
..\src\CPP_BD2.cpp: In function 'void baja()':
..\src\CPP_BD2.cpp:115:37: warning: comparison between signed and unsigned integer expressions [-Wsign-compare]
..\src\CPP_BD2.cpp:120:45: warning: comparison between signed and unsigned integer expressions [-Wsign-compare]
g++ -o CPP_BD2.exe "src\\CPP_BD2.o" 
23:25:04 **** Incremental Build of configuration Debug for project CPP_BD2 ****
Info: Internal Builder is used for build
g++ -O0 -g3 -Wall -c -fmessage-length=0 -o "src\\CPP_BD2.o" "..\\src\\CPP_BD2.cpp" 
..\src\CPP_BD2.cpp: In function 'std::vector<std::basic_string<char> > split(std::string, std::string)':
..\src\CPP_BD2.cpp:52:23: warning: comparison between signed and unsigned integer expressions [-Wsign-compare]
..\src\CPP_BD2.cpp: In function 'void baja()':
..\src\CPP_BD2.cpp:115:37: warning: comparison between signed and unsigned integer expressions [-Wsign-compare]
..\src\CPP_BD2.cpp:120:45: warning: comparison between signed and unsigned integer expressions [-Wsign-compare]
g++ -o CPP_BD2.exe "src\\CPP_BD2.o" 
23:35:01 **** Incremental Build of configuration Debug for project CPP_BD2 ****
Info: Internal Builder is used for build
g++ -O0 -g3 -Wall -c -fmessage-length=0 -o "src\\CPP_BD2.o" "..\\src\\CPP_BD2.cpp" 
..\src\CPP_BD2.cpp: In function 'std::vector<std::basic_string<char> > split(std::string, std::string)':
..\src\CPP_BD2.cpp:52:23: warning: comparison between signed and unsigned integer expressions [-Wsign-compare]
..\src\CPP_BD2.cpp: In function 'void baja()':
..\src\CPP_BD2.cpp:115:37: warning: comparison between signed and unsigned integer expressions [-Wsign-compare]
..\src\CPP_BD2.cpp:120:45: warning: comparison between signed and unsigned integer expressions [-Wsign-compare]
g++ -o CPP_BD2.exe "src\\CPP_BD2.o" 
23:48:59 **** Incremental Build of configuration Debug for project CPP_BD2 ****
Info: Internal Builder is used for build
g++ -O0 -g3 -Wall -c -fmessage-length=0 -o "src\\CPP_BD2.o" "..\\src\\CPP_BD2.cpp" 
..\src\CPP_BD2.cpp: In function 'std::vector<std::basic_string<char> > split(std::string, std::string)':
..\src\CPP_BD2.cpp:52:23: warning: comparison between signed and unsigned integer expressions [-Wsign-compare]
..\src\CPP_BD2.cpp: In function 'void baja()':
..\src\CPP_BD2.cpp:115:37: warning: comparison between signed and unsigned integer expressions [-Wsign-compare]
..\src\CPP_BD2.cpp:120:45: warning: comparison between signed and unsigned integer expressions [-Wsign-compare]
..\src\CPP_BD2.cpp: In function 'void consulta()':
..\src\CPP_BD2.cpp:144:34: warning: comparison between signed and unsigned integer expressions [-Wsign-compare]
..\src\CPP_BD2.cpp:167:6: error: 'flag' was not declared in this scope
23:49:12 **** Incremental Build of configuration Debug for project CPP_BD2 ****
Info: Internal Builder is used for build
g++ -O0 -g3 -Wall -c -fmessage-length=0 -o "src\\CPP_BD2.o" "..\\src\\CPP_BD2.cpp" 
..\src\CPP_BD2.cpp: In function 'std::vector<std::basic_string<char> > split(std::string, std::string)':
..\src\CPP_BD2.cpp:52:23: warning: comparison between signed and unsigned integer expressions [-Wsign-compare]
..\src\CPP_BD2.cpp: In function 'void baja()':
..\src\CPP_BD2.cpp:115:37: warning: comparison between signed and unsigned integer expressions [-Wsign-compare]
..\src\CPP_BD2.cpp:120:45: warning: comparison between signed and unsigned integer expressions [-Wsign-compare]
..\src\CPP_BD2.cpp: In function 'void consulta()':
..\src\CPP_BD2.cpp:144:34: warning: comparison between signed and unsigned integer expressions [-Wsign-compare]
g++ -o CPP_BD2.exe "src\\CPP_BD2.o" 
23:54:10 **** Incremental Build of configuration Debug for project CPP_BD2 ****
Info: Internal Builder is used for build
g++ -O0 -g3 -Wall -c -fmessage-length=0 -o "src\\CPP_BD2.o" "..\\src\\CPP_BD2.cpp" 
..\src\CPP_BD2.cpp: In function 'std::vector<std::basic_string<char> > split(std::string, std::string)':
..\src\CPP_BD2.cpp:52:23: warning: comparison between signed and unsigned integer expressions [-Wsign-compare]
..\src\CPP_BD2.cpp: In function 'void baja()':
..\src\CPP_BD2.cpp:115:37: warning: comparison between signed and unsigned integer expressions [-Wsign-compare]
..\src\CPP_BD2.cpp:120:45: warning: comparison between signed and unsigned integer expressions [-Wsign-compare]
..\src\CPP_BD2.cpp: In function 'void consulta()':
..\src\CPP_BD2.cpp:144:34: warning: comparison between signed and unsigned integer expressions [-Wsign-compare]
g++ -o CPP_BD2.exe "src\\CPP_BD2.o" 
16:09:58 **** Incremental Build of configuration Debug for project CPP_BD2 ****
Info: Internal Builder is used for build
g++ -O0 -g3 -Wall -c -fmessage-length=0 -o "src\\CPP_BD2.o" "..\\src\\CPP_BD2.cpp" 
..\src\CPP_BD2.cpp: In function 'std::vector<std::basic_string<char> > split(std::string, std::string)':
..\src\CPP_BD2.cpp:52:23: warning: comparison between signed and unsigned integer expressions [-Wsign-compare]
..\src\CPP_BD2.cpp: In function 'void baja()':
..\src\CPP_BD2.cpp:115:37: warning: comparison between signed and unsigned integer expressions [-Wsign-compare]
..\src\CPP_BD2.cpp:120:45: warning: comparison between signed and unsigned integer expressions [-Wsign-compare]
..\src\CPP_BD2.cpp: In function 'void modificacion()':
..\src\CPP_BD2.cpp:173:34: warning: comparison between signed and unsigned integer expressions [-Wsign-compare]
..\src\CPP_BD2.cpp:201:37: warning: comparison between signed and unsigned integer expressions [-Wsign-compare]
..\src\CPP_BD2.cpp:203:45: warning: comparison between signed and unsigned integer expressions [-Wsign-compare]
..\src\CPP_BD2.cpp:210:43: warning: comparison between signed and unsigned integer expressions [-Wsign-compare]
..\src\CPP_BD2.cpp: In function 'void consulta()':
..\src\CPP_BD2.cpp:227:34: warning: comparison between signed and unsigned integer expressions [-Wsign-compare]
g++ -o CPP_BD2.exe "src\\CPP_BD2.o" 
16:10:37 **** Incremental Build of configuration Debug for project CPP_BD2 ****
Info: Internal Builder is used for build
g++ -O0 -g3 -Wall -c -fmessage-length=0 -o "src\\CPP_BD2.o" "..\\src\\CPP_BD2.cpp" 
..\src\CPP_BD2.cpp: In function 'std::vector<std::basic_string<char> > split(std::string, std::string)':
..\src\CPP_BD2.cpp:52:23: warning: comparison between signed and unsigned integer expressions [-Wsign-compare]
..\src\CPP_BD2.cpp: In function 'void baja()':
..\src\CPP_BD2.cpp:115:37: warning: comparison between signed and unsigned integer expressions [-Wsign-compare]
..\src\CPP_BD2.cpp:120:45: warning: comparison between signed and unsigned integer expressions [-Wsign-compare]
..\src\CPP_BD2.cpp: In function 'void modificacion()':
..\src\CPP_BD2.cpp:173:34: warning: comparison between signed and unsigned integer expressions [-Wsign-compare]
..\src\CPP_BD2.cpp:201:37: warning: comparison between signed and unsigned integer expressions [-Wsign-compare]
..\src\CPP_BD2.cpp:203:45: warning: comparison between signed and unsigned integer expressions [-Wsign-compare]
..\src\CPP_BD2.cpp:210:43: warning: comparison between signed and unsigned integer expressions [-Wsign-compare]
..\src\CPP_BD2.cpp: In function 'void consulta()':
..\src\CPP_BD2.cpp:227:34: warning: comparison between signed and unsigned integer expressions [-Wsign-compare]
g++ -o CPP_BD2.exe "src\\CPP_BD2.o" 
16:16:18 **** Incremental Build of configuration Debug for project CPP_BD2 ****
Info: Internal Builder is used for build
g++ -O0 -g3 -Wall -c -fmessage-length=0 -o "src\\CPP_BD2.o" "..\\src\\CPP_BD2.cpp" 
..\src\CPP_BD2.cpp: In function 'std::vector<std::basic_string<char> > split(std::string, std::string)':
..\src\CPP_BD2.cpp:52:23: warning: comparison between signed and unsigned integer expressions [-Wsign-compare]
..\src\CPP_BD2.cpp: In function 'void baja()':
..\src\CPP_BD2.cpp:115:37: warning: comparison between signed and unsigned integer expressions [-Wsign-compare]
..\src\CPP_BD2.cpp:120:45: warning: comparison between signed and unsigned integer expressions [-Wsign-compare]
..\src\CPP_BD2.cpp: In function 'void modificacion()':
..\src\CPP_BD2.cpp:173:34: warning: comparison between signed and unsigned integer expressions [-Wsign-compare]
..\src\CPP_BD2.cpp:201:37: warning: comparison between signed and unsigned integer expressions [-Wsign-compare]
..\src\CPP_BD2.cpp:203:45: warning: comparison between signed and unsigned integer expressions [-Wsign-compare]
..\src\CPP_BD2.cpp: In function 'void consulta()':
..\src\CPP_BD2.cpp:223:34: warning: comparison between signed and unsigned integer expressions [-Wsign-compare]
g++ -o CPP_BD2.exe "src\\CPP_BD2.o" 
16:27:47 **** Incremental Build of configuration Debug for project CPP_BD2 ****
Info: Internal Builder is used for build
g++ -O0 -g3 -Wall -c -fmessage-length=0 -o "src\\CPP_BD2.o" "..\\src\\CPP_BD2.cpp" 
..\src\CPP_BD2.cpp: In function 'std::vector<std::basic_string<char> > split(std::string, std::string)':
..\src\CPP_BD2.cpp:52:23: warning: comparison between signed and unsigned integer expressions [-Wsign-compare]
..\src\CPP_BD2.cpp: In function 'void baja()':
..\src\CPP_BD2.cpp:115:37: warning: comparison between signed and unsigned integer expressions [-Wsign-compare]
..\src\CPP_BD2.cpp:120:45: warning: comparison between signed and unsigned integer expressions [-Wsign-compare]
..\src\CPP_BD2.cpp: In function 'void modificacion()':
..\src\CPP_BD2.cpp:165:34: warning: comparison between signed and unsigned integer expressions [-Wsign-compare]
..\src\CPP_BD2.cpp:193:37: warning: comparison between signed and unsigned integer expressions [-Wsign-compare]
..\src\CPP_BD2.cpp:195:45: warning: comparison between signed and unsigned integer expressions [-Wsign-compare]
..\src\CPP_BD2.cpp: In function 'void consulta()':
..\src\CPP_BD2.cpp:215:34: warning: comparison between signed and unsigned integer expressions [-Wsign-compare]
g++ -o CPP_BD2.exe "src\\CPP_BD2.o" 
16:30:23 **** Incremental Build of configuration Debug for project CPP_BD2 ****
Info: Internal Builder is used for build
g++ -O0 -g3 -Wall -c -fmessage-length=0 -o "src\\CPP_BD2.o" "..\\src\\CPP_BD2.cpp" 
..\src\CPP_BD2.cpp: In function 'std::vector<std::basic_string<char> > split(std::string, std::string)':
..\src\CPP_BD2.cpp:52:23: warning: comparison between signed and unsigned integer expressions [-Wsign-compare]
..\src\CPP_BD2.cpp: In function 'void baja()':
..\src\CPP_BD2.cpp:115:37: warning: comparison between signed and unsigned integer expressions [-Wsign-compare]
..\src\CPP_BD2.cpp:120:45: warning: comparison between signed and unsigned integer expressions [-Wsign-compare]
..\src\CPP_BD2.cpp: In function 'void modificacion()':
..\src\CPP_BD2.cpp:165:34: warning: comparison between signed and unsigned integer expressions [-Wsign-compare]
..\src\CPP_BD2.cpp:193:37: warning: comparison between signed and unsigned integer expressions [-Wsign-compare]
..\src\CPP_BD2.cpp:195:45: warning: comparison between signed and unsigned integer expressions [-Wsign-compare]
..\src\CPP_BD2.cpp: In function 'void consulta()':
..\src\CPP_BD2.cpp:215:34: warning: comparison between signed and unsigned integer expressions [-Wsign-compare]
g++ -o CPP_BD2.exe "src\\CPP_BD2.o" 
16:34:03 **** Incremental Build of configuration Debug for project CPP_BD2 ****
Info: Internal Builder is used for build
g++ -O0 -g3 -Wall -c -fmessage-length=0 -o "src\\CPP_BD2.o" "..\\src\\CPP_BD2.cpp" 
..\src\CPP_BD2.cpp: In function 'std::vector<std::basic_string<char> > split(std::string, std::string)':
..\src\CPP_BD2.cpp:52:23: warning: comparison between signed and unsigned integer expressions [-Wsign-compare]
..\src\CPP_BD2.cpp: In function 'void baja()':
..\src\CPP_BD2.cpp:115:37: warning: comparison between signed and unsigned integer expressions [-Wsign-compare]
..\src\CPP_BD2.cpp:120:45: warning: comparison between signed and unsigned integer expressions [-Wsign-compare]
..\src\CPP_BD2.cpp:127:43: warning: comparison between signed and unsigned integer expressions [-Wsign-compare]
..\src\CPP_BD2.cpp: In function 'void modificacion()':
..\src\CPP_BD2.cpp:165:34: warning: comparison between signed and unsigned integer expressions [-Wsign-compare]
..\src\CPP_BD2.cpp:193:37: warning: comparison between signed and unsigned integer expressions [-Wsign-compare]
..\src\CPP_BD2.cpp:195:45: warning: comparison between signed and unsigned integer expressions [-Wsign-compare]
..\src\CPP_BD2.cpp: In function 'void consulta()':
..\src\CPP_BD2.cpp:215:34: warning: comparison between signed and unsigned integer expressions [-Wsign-compare]
g++ -o CPP_BD2.exe "src\\CPP_BD2.o" 
19:18:13 **** Incremental Build of configuration Debug for project CPP_BD2 ****
Info: Internal Builder is used for build
g++ -O0 -g3 -Wall -c -fmessage-length=0 -o "src\\CPP_BD2.o" "..\\src\\CPP_BD2.cpp" 
..\src\CPP_BD2.cpp: In function 'std::vector<std::basic_string<char> > split(std::string, std::string)':
..\src\CPP_BD2.cpp:52:23: warning: comparison between signed and unsigned integer expressions [-Wsign-compare]
..\src\CPP_BD2.cpp: In function 'void baja()':
..\src\CPP_BD2.cpp:115:37: warning: comparison between signed and unsigned integer expressions [-Wsign-compare]
..\src\CPP_BD2.cpp:120:45: warning: comparison between signed and unsigned integer expressions [-Wsign-compare]
..\src\CPP_BD2.cpp:127:43: warning: comparison between signed and unsigned integer expressions [-Wsign-compare]
..\src\CPP_BD2.cpp: In function 'void modificacion()':
..\src\CPP_BD2.cpp:165:34: warning: comparison between signed and unsigned integer expressions [-Wsign-compare]
..\src\CPP_BD2.cpp:193:37: warning: comparison between signed and unsigned integer expressions [-Wsign-compare]
..\src\CPP_BD2.cpp:195:45: warning: comparison between signed and unsigned integer expressions [-Wsign-compare]
..\src\CPP_BD2.cpp: In function 'void consulta()':
..\src\CPP_BD2.cpp:215:34: warning: comparison between signed and unsigned integer expressions [-Wsign-compare]
g++ -o CPP_BD2.exe "src\\CPP_BD2.o" 
Info: Nothing to build for CPP_BD2
